  main.cpp
  ofApp.cpp
C:\Users\selva\Projects\Openframework\v0.10.1\of_v0.10.1_vs2017_release\libs\openFrameworks\math\ofMatrix4x4.h(326,1): warning C4267:  'argument': conversion from 'size_t' to 'int', possible loss of data (compiling source file src\main.cpp)
C:\Users\selva\Projects\Openframework\v0.10.1\of_v0.10.1_vs2017_release\libs\openFrameworks\math\ofMatrix4x4.h(331,1): warning C4267:  'argument': conversion from 'size_t' to 'int', possible loss of data (compiling source file src\main.cpp)
C:\Users\selva\Projects\Openframework\v0.10.1\of_v0.10.1_vs2017_release\libs\openFrameworks\math\ofMatrix4x4.h(912,12): warning C4267:  'argument': conversion from 'size_t' to 'int', possible loss of data (compiling source file src\main.cpp)
C:\Users\selva\Projects\Openframework\v0.10.1\of_v0.10.1_vs2017_release\libs\openFrameworks\math\ofMatrix4x4.h(913,12): warning C4267:  'argument': conversion from 'size_t' to 'int', possible loss of data (compiling source file src\main.cpp)
C:\Users\selva\Projects\Openframework\v0.10.1\of_v0.10.1_vs2017_release\libs\openFrameworks\math\ofMatrix4x4.h(914,12): warning C4267:  'argument': conversion from 'size_t' to 'int', possible loss of data (compiling source file src\main.cpp)
C:\Users\selva\Projects\Openframework\v0.10.1\of_v0.10.1_vs2017_release\libs\openFrameworks\math\ofMatrix4x4.h(915,12): warning C4267:  'argument': conversion from 'size_t' to 'int', possible loss of data (compiling source file src\main.cpp)
C:\Users\selva\Projects\Openframework\v0.10.1\of_v0.10.1_vs2017_release\libs\openFrameworks\math\ofMatrix4x4.h(326,1): warning C4267:  'argument': conversion from 'size_t' to 'int', possible loss of data (compiling source file src\ofApp.cpp)
C:\Users\selva\Projects\Openframework\v0.10.1\of_v0.10.1_vs2017_release\libs\openFrameworks\math\ofMatrix4x4.h(331,1): warning C4267:  'argument': conversion from 'size_t' to 'int', possible loss of data (compiling source file src\ofApp.cpp)
C:\Users\selva\Projects\Openframework\v0.10.1\of_v0.10.1_vs2017_release\libs\openFrameworks\math\ofMatrix4x4.h(912,12): warning C4267:  'argument': conversion from 'size_t' to 'int', possible loss of data (compiling source file src\ofApp.cpp)
C:\Users\selva\Projects\Openframework\v0.10.1\of_v0.10.1_vs2017_release\libs\openFrameworks\math\ofMatrix4x4.h(913,12): warning C4267:  'argument': conversion from 'size_t' to 'int', possible loss of data (compiling source file src\ofApp.cpp)
C:\Users\selva\Projects\Openframework\v0.10.1\of_v0.10.1_vs2017_release\libs\openFrameworks\math\ofMatrix4x4.h(914,12): warning C4267:  'argument': conversion from 'size_t' to 'int', possible loss of data (compiling source file src\ofApp.cpp)
C:\Users\selva\Projects\Openframework\v0.10.1\of_v0.10.1_vs2017_release\libs\openFrameworks\math\ofMatrix4x4.h(915,12): warning C4267:  'argument': conversion from 'size_t' to 'int', possible loss of data (compiling source file src\ofApp.cpp)
  LINK : bin\mysamplecpp17_debug.exe not found or not built by the last incremental link; performing full link
     Creating library bin\mysamplecpp17_debug.lib and object bin\mysamplecpp17_debug.exp
  mysamplecpp17.vcxproj -> C:\Users\selva\Projects\Openframework\v0.10.1\of_v0.10.1_vs2017_release\apps\myApps\mysamplecpp17\bin\mysamplecpp17_debug.exe
  
  	                   2	C:\Users\selva\Projects\Openframework\v0.10.1\of_v0.10.1_vs2017_release\libs\fmodex\lib\vs\x64\
  	  *EXTRA File 		 1266176	C:\Users\selva\Projects\Openframework\v0.10.1\of_v0.10.1_vs2017_release\apps\myApps\mysamplecpp17\bin\fmodex.dll
  	  *EXTRA File 		 1312768	C:\Users\selva\Projects\Openframework\v0.10.1\of_v0.10.1_vs2017_release\apps\myApps\mysamplecpp17\bin\fmodexL.dll
  	  *EXTRA File 		 6018560	C:\Users\selva\Projects\Openframework\v0.10.1\of_v0.10.1_vs2017_release\apps\myApps\mysamplecpp17\bin\FreeImage.dll
  	    New File  		 1503232	C:\Users\selva\Projects\Openframework\v0.10.1\of_v0.10.1_vs2017_release\libs\fmodex\lib\vs\x64\fmodex64.dll
  	    New File  		 1552384	C:\Users\selva\Projects\Openframework\v0.10.1\of_v0.10.1_vs2017_release\libs\fmodex\lib\vs\x64\fmodexL64.dll
  
  	                   1	C:\Users\selva\Projects\Openframework\v0.10.1\of_v0.10.1_vs2017_release\libs\FreeImage\lib\vs\x64\
  	  *EXTRA File 		 1266176	C:\Users\selva\Projects\Openframework\v0.10.1\of_v0.10.1_vs2017_release\apps\myApps\mysamplecpp17\bin\fmodex.dll
  	  *EXTRA File 		 1503232	C:\Users\selva\Projects\Openframework\v0.10.1\of_v0.10.1_vs2017_release\apps\myApps\mysamplecpp17\bin\fmodex64.dll
  	  *EXTRA File 		 1312768	C:\Users\selva\Projects\Openframework\v0.10.1\of_v0.10.1_vs2017_release\apps\myApps\mysamplecpp17\bin\fmodexL.dll
  	  *EXTRA File 		 1552384	C:\Users\selva\Projects\Openframework\v0.10.1\of_v0.10.1_vs2017_release\apps\myApps\mysamplecpp17\bin\fmodexL64.dll
  	    Older     		 6942208	C:\Users\selva\Projects\Openframework\v0.10.1\of_v0.10.1_vs2017_release\libs\FreeImage\lib\vs\x64\FreeImage.dll
