  of3dPrimitives.cpp
  of3dUtils.cpp
  ofCamera.cpp
  ofEasyCam.cpp
  ofNode.cpp
  ofAppGLFWWindow.cpp
  ofAppNoWindow.cpp
  ofAppRunner.cpp
  ofBaseApp.cpp
  ofMainLoop.cpp
  ofEvents.cpp
  ofBufferObject.cpp
  ofFbo.cpp
  ofGLRenderer.cpp
  ofGLUtils.cpp
  ofLight.cpp
  ofMaterial.cpp
  ofGLProgrammableRenderer.cpp
  ofShader.cpp
  ofTexture.cpp
  ofVbo.cpp
  ofVboMesh.cpp
  of3dGraphics.cpp
  ofBitmapFont.cpp
  ofCairoRenderer.cpp
  ofGraphics.cpp
  ofGraphicsBaseTypes.cpp
  ofImage.cpp
  ofPath.cpp
  ofPixels.cpp
  ofRendererCollection.cpp
  ofTessellator.cpp
  ofTrueTypeFont.cpp
  ofMath.cpp
  ofMatrix3x3.cpp
  ofMatrix4x4.cpp
  ofQuaternion.cpp
  ofVec2f.cpp
  ofVec4f.cpp
  ofFmodSoundPlayer.cpp
  ofRtAudioSoundStream.cpp
  ofSoundBaseTypes.cpp
  ofSoundBuffer.cpp
  ofSoundPlayer.cpp
  ofSoundStream.cpp
  ofBaseTypes.cpp
  ofColor.cpp
  ofParameter.cpp
  ofParameterGroup.cpp
  ofRectangle.cpp
  ofFileUtils.cpp
  ofFpsCounter.cpp
  ofLog.cpp
  ofMatrixStack.cpp
  ofSystemUtils.cpp
  ofThread.cpp
  ofTimer.cpp
  ofURLFileLoader.cpp
  ofUtils.cpp
  ofXml.cpp
  ofDirectShowGrabber.cpp
  ofDirectShowPlayer.cpp
  ofVideoGrabber.cpp
  ofVideoPlayer.cpp
  ofArduino.cpp
  ofSerial.cpp
C:\Users\selva\Projects\Openframework\v0.10.1\of_v0.10.1_vs2017_release\libs\openFrameworks\communication\ofArduino.cpp(1526,34): warning C4333:  '>>': right shift by too large amount, data loss
  openframeworksLib.vcxproj -> C:\Users\selva\Projects\Openframework\v0.10.1\of_v0.10.1_vs2017_release\libs\openFrameworksCompiled\project\vs\..\..\lib\vs\Win32\openframeworksLib_debug.lib
