c:\users\selva\projects\openframework\v0.10.1\of_v0.10.1_vs2017_release\libs\openframeworkscompiled\project\vs\obj\win32\debug\ofapprunner.obj
c:\users\selva\projects\openframework\v0.10.1\of_v0.10.1_vs2017_release\libs\openframeworkscompiled\project\vs\obj\win32\debug\ofmaterial.obj
c:\users\selva\projects\openframework\v0.10.1\of_v0.10.1_vs2017_release\libs\openframeworkscompiled\project\vs\obj\win32\debug\ofcairorenderer.obj
c:\users\selva\projects\openframework\v0.10.1\of_v0.10.1_vs2017_release\libs\openframeworkscompiled\project\vs\obj\win32\debug\ofmath.obj
c:\users\selva\projects\openframework\v0.10.1\of_v0.10.1_vs2017_release\libs\openframeworkscompiled\project\vs\obj\win32\debug\ofcolor.obj
c:\users\selva\projects\openframework\v0.10.1\of_v0.10.1_vs2017_release\libs\openframeworkscompiled\project\vs\obj\win32\debug\offpscounter.obj
c:\users\selva\projects\openframework\v0.10.1\of_v0.10.1_vs2017_release\libs\openframeworkscompiled\project\vs\obj\win32\debug\ofsystemutils.obj
c:\users\selva\projects\openframework\v0.10.1\of_v0.10.1_vs2017_release\libs\openframeworkscompiled\project\vs\obj\win32\debug\ofarduino.obj
c:\users\selva\projects\openframework\v0.10.1\of_v0.10.1_vs2017_release\libs\openframeworkscompiled\project\vs\obj\win32\debug\ofeasycam.obj
c:\users\selva\projects\openframework\v0.10.1\of_v0.10.1_vs2017_release\libs\openframeworkscompiled\project\vs\obj\win32\debug\ofevents.obj
c:\users\selva\projects\openframework\v0.10.1\of_v0.10.1_vs2017_release\libs\openframeworkscompiled\project\vs\obj\win32\debug\oftexture.obj
c:\users\selva\projects\openframework\v0.10.1\of_v0.10.1_vs2017_release\libs\openframeworkscompiled\project\vs\obj\win32\debug\ofgraphics.obj
c:\users\selva\projects\openframework\v0.10.1\of_v0.10.1_vs2017_release\libs\openframeworkscompiled\project\vs\obj\win32\debug\ofmatrix3x3.obj
c:\users\selva\projects\openframework\v0.10.1\of_v0.10.1_vs2017_release\libs\openframeworkscompiled\project\vs\obj\win32\debug\ofrtaudiosoundstream.obj
c:\users\selva\projects\openframework\v0.10.1\of_v0.10.1_vs2017_release\libs\openframeworkscompiled\project\vs\obj\win32\debug\oflog.obj
c:\users\selva\projects\openframework\v0.10.1\of_v0.10.1_vs2017_release\libs\openframeworkscompiled\project\vs\obj\win32\debug\ofutils.obj
c:\users\selva\projects\openframework\v0.10.1\of_v0.10.1_vs2017_release\libs\openframeworkscompiled\project\vs\obj\win32\debug\ofappnowindow.obj
c:\users\selva\projects\openframework\v0.10.1\of_v0.10.1_vs2017_release\libs\openframeworkscompiled\project\vs\obj\win32\debug\offbo.obj
c:\users\selva\projects\openframework\v0.10.1\of_v0.10.1_vs2017_release\libs\openframeworkscompiled\project\vs\obj\win32\debug\ofvbomesh.obj
c:\users\selva\projects\openframework\v0.10.1\of_v0.10.1_vs2017_release\libs\openframeworkscompiled\project\vs\obj\win32\debug\ofimage.obj
c:\users\selva\projects\openframework\v0.10.1\of_v0.10.1_vs2017_release\libs\openframeworkscompiled\project\vs\obj\win32\debug\ofmatrix4x4.obj
c:\users\selva\projects\openframework\v0.10.1\of_v0.10.1_vs2017_release\libs\openframeworkscompiled\project\vs\obj\win32\debug\ofsoundplayer.obj
c:\users\selva\projects\openframework\v0.10.1\of_v0.10.1_vs2017_release\libs\openframeworkscompiled\project\vs\obj\win32\debug\offileutils.obj
c:\users\selva\projects\openframework\v0.10.1\of_v0.10.1_vs2017_release\libs\openframeworkscompiled\project\vs\obj\win32\debug\ofurlfileloader.obj
c:\users\selva\projects\openframework\v0.10.1\of_v0.10.1_vs2017_release\libs\openframeworkscompiled\project\vs\obj\win32\debug\ofserial.obj
c:\users\selva\projects\openframework\v0.10.1\of_v0.10.1_vs2017_release\libs\openframeworkscompiled\project\vs\obj\win32\debug\of3dprimitives.obj
c:\users\selva\projects\openframework\v0.10.1\of_v0.10.1_vs2017_release\libs\openframeworkscompiled\project\vs\obj\win32\debug\ofglrenderer.obj
c:\users\selva\projects\openframework\v0.10.1\of_v0.10.1_vs2017_release\libs\openframeworkscompiled\project\vs\obj\win32\debug\ofbitmapfont.obj
c:\users\selva\projects\openframework\v0.10.1\of_v0.10.1_vs2017_release\libs\openframeworkscompiled\project\vs\obj\win32\debug\ofpixels.obj
c:\users\selva\projects\openframework\v0.10.1\of_v0.10.1_vs2017_release\libs\openframeworkscompiled\project\vs\obj\win32\debug\ofquaternion.obj
c:\users\selva\projects\openframework\v0.10.1\of_v0.10.1_vs2017_release\libs\openframeworkscompiled\project\vs\obj\win32\debug\ofbasetypes.obj
c:\users\selva\projects\openframework\v0.10.1\of_v0.10.1_vs2017_release\libs\openframeworkscompiled\project\vs\obj\win32\debug\ofthread.obj
c:\users\selva\projects\openframework\v0.10.1\of_v0.10.1_vs2017_release\libs\openframeworkscompiled\project\vs\obj\win32\debug\ofvideograbber.obj
c:\users\selva\projects\openframework\v0.10.1\of_v0.10.1_vs2017_release\libs\openframeworkscompiled\project\vs\obj\win32\debug\ofcamera.obj
c:\users\selva\projects\openframework\v0.10.1\of_v0.10.1_vs2017_release\libs\openframeworkscompiled\project\vs\obj\win32\debug\ofbufferobject.obj
c:\users\selva\projects\openframework\v0.10.1\of_v0.10.1_vs2017_release\libs\openframeworkscompiled\project\vs\obj\win32\debug\ofshader.obj
c:\users\selva\projects\openframework\v0.10.1\of_v0.10.1_vs2017_release\libs\openframeworkscompiled\project\vs\obj\win32\debug\oftruetypefont.obj
c:\users\selva\projects\openframework\v0.10.1\of_v0.10.1_vs2017_release\libs\openframeworkscompiled\project\vs\obj\win32\debug\ofsoundbasetypes.obj
c:\users\selva\projects\openframework\v0.10.1\of_v0.10.1_vs2017_release\libs\openframeworkscompiled\project\vs\obj\win32\debug\ofparametergroup.obj
c:\users\selva\projects\openframework\v0.10.1\of_v0.10.1_vs2017_release\libs\openframeworkscompiled\project\vs\obj\win32\debug\ofvideoplayer.obj
c:\users\selva\projects\openframework\v0.10.1\of_v0.10.1_vs2017_release\libs\openframeworkscompiled\project\vs\obj\win32\debug\ofnode.obj
c:\users\selva\projects\openframework\v0.10.1\of_v0.10.1_vs2017_release\libs\openframeworkscompiled\project\vs\obj\win32\debug\ofglutils.obj
c:\users\selva\projects\openframework\v0.10.1\of_v0.10.1_vs2017_release\libs\openframeworkscompiled\project\vs\obj\win32\debug\of3dgraphics.obj
c:\users\selva\projects\openframework\v0.10.1\of_v0.10.1_vs2017_release\libs\openframeworkscompiled\project\vs\obj\win32\debug\oftessellator.obj
c:\users\selva\projects\openframework\v0.10.1\of_v0.10.1_vs2017_release\libs\openframeworkscompiled\project\vs\obj\win32\debug\ofvec2f.obj
c:\users\selva\projects\openframework\v0.10.1\of_v0.10.1_vs2017_release\libs\openframeworkscompiled\project\vs\obj\win32\debug\ofsoundbuffer.obj
c:\users\selva\projects\openframework\v0.10.1\of_v0.10.1_vs2017_release\libs\openframeworkscompiled\project\vs\obj\win32\debug\ofrectangle.obj
c:\users\selva\projects\openframework\v0.10.1\of_v0.10.1_vs2017_release\libs\openframeworkscompiled\project\vs\obj\win32\debug\ofxml.obj
c:\users\selva\projects\openframework\v0.10.1\of_v0.10.1_vs2017_release\libs\openframeworkscompiled\project\vs\obj\win32\debug\of3dutils.obj
c:\users\selva\projects\openframework\v0.10.1\of_v0.10.1_vs2017_release\libs\openframeworkscompiled\project\vs\obj\win32\debug\ofbaseapp.obj
c:\users\selva\projects\openframework\v0.10.1\of_v0.10.1_vs2017_release\libs\openframeworkscompiled\project\vs\obj\win32\debug\ofmainloop.obj
c:\users\selva\projects\openframework\v0.10.1\of_v0.10.1_vs2017_release\libs\openframeworkscompiled\project\vs\obj\win32\debug\ofglprogrammablerenderer.obj
c:\users\selva\projects\openframework\v0.10.1\of_v0.10.1_vs2017_release\libs\openframeworkscompiled\project\vs\obj\win32\debug\ofgraphicsbasetypes.obj
c:\users\selva\projects\openframework\v0.10.1\of_v0.10.1_vs2017_release\libs\openframeworkscompiled\project\vs\obj\win32\debug\ofrenderercollection.obj
c:\users\selva\projects\openframework\v0.10.1\of_v0.10.1_vs2017_release\libs\openframeworkscompiled\project\vs\obj\win32\debug\offmodsoundplayer.obj
c:\users\selva\projects\openframework\v0.10.1\of_v0.10.1_vs2017_release\libs\openframeworkscompiled\project\vs\obj\win32\debug\ofparameter.obj
c:\users\selva\projects\openframework\v0.10.1\of_v0.10.1_vs2017_release\libs\openframeworkscompiled\project\vs\obj\win32\debug\oftimer.obj
c:\users\selva\projects\openframework\v0.10.1\of_v0.10.1_vs2017_release\libs\openframeworkscompiled\project\vs\obj\win32\debug\ofdirectshowplayer.obj
c:\users\selva\projects\openframework\v0.10.1\of_v0.10.1_vs2017_release\libs\openframeworkscompiled\project\vs\obj\win32\debug\ofappglfwwindow.obj
c:\users\selva\projects\openframework\v0.10.1\of_v0.10.1_vs2017_release\libs\openframeworkscompiled\project\vs\obj\win32\debug\oflight.obj
c:\users\selva\projects\openframework\v0.10.1\of_v0.10.1_vs2017_release\libs\openframeworkscompiled\project\vs\obj\win32\debug\ofvbo.obj
c:\users\selva\projects\openframework\v0.10.1\of_v0.10.1_vs2017_release\libs\openframeworkscompiled\project\vs\obj\win32\debug\ofpath.obj
c:\users\selva\projects\openframework\v0.10.1\of_v0.10.1_vs2017_release\libs\openframeworkscompiled\project\vs\obj\win32\debug\ofvec4f.obj
c:\users\selva\projects\openframework\v0.10.1\of_v0.10.1_vs2017_release\libs\openframeworkscompiled\project\vs\obj\win32\debug\ofsoundstream.obj
c:\users\selva\projects\openframework\v0.10.1\of_v0.10.1_vs2017_release\libs\openframeworkscompiled\project\vs\obj\win32\debug\ofmatrixstack.obj
c:\users\selva\projects\openframework\v0.10.1\of_v0.10.1_vs2017_release\libs\openframeworkscompiled\project\vs\obj\win32\debug\ofdirectshowgrabber.obj
c:\users\selva\projects\openframework\v0.10.1\of_v0.10.1_vs2017_release\libs\openframeworkscompiled\project\vs\obj\win32\debug\openframeworkslib.pdb
c:\users\selva\projects\openframework\v0.10.1\of_v0.10.1_vs2017_release\libs\openframeworkscompiled\lib\vs\win32\openframeworkslib_debug.lib
c:\users\selva\projects\openframework\v0.10.1\of_v0.10.1_vs2017_release\libs\openframeworkscompiled\project\vs\..\..\lib\vs\win32\openframeworkslib_debug.lib
c:\users\selva\projects\openframework\v0.10.1\of_v0.10.1_vs2017_release\libs\openframeworkscompiled\project\vs\obj\win32\debug\openfram.5837595d.tlog\cl.10600.write.1.tlog
c:\users\selva\projects\openframework\v0.10.1\of_v0.10.1_vs2017_release\libs\openframeworkscompiled\project\vs\obj\win32\debug\openfram.5837595d.tlog\cl.command.1.tlog
c:\users\selva\projects\openframework\v0.10.1\of_v0.10.1_vs2017_release\libs\openframeworkscompiled\project\vs\obj\win32\debug\openfram.5837595d.tlog\cl.read.1.tlog
c:\users\selva\projects\openframework\v0.10.1\of_v0.10.1_vs2017_release\libs\openframeworkscompiled\project\vs\obj\win32\debug\openfram.5837595d.tlog\lib-link.read.1.tlog
c:\users\selva\projects\openframework\v0.10.1\of_v0.10.1_vs2017_release\libs\openframeworkscompiled\project\vs\obj\win32\debug\openfram.5837595d.tlog\lib-link.write.1.tlog
c:\users\selva\projects\openframework\v0.10.1\of_v0.10.1_vs2017_release\libs\openframeworkscompiled\project\vs\obj\win32\debug\openfram.5837595d.tlog\lib.command.1.tlog
